2015-04-12 09:41:29.434000: : fetching file 5
2015-04-12 09:42:08.800000: : fetching file 5
2015-04-12 09:42:15.580000: : Fetching refresh token for user joeedh. . .
2015-04-12 09:42:15.580000: : Refresh token for joeedh: 2C1IV5PJPC93Z.125..E7Q1RK8ZRXIGI67
2015-04-12 09:42:15.716000: : Generated session token O71K0DP4V0FLVDA0OAW877562R.VZYS.Y8 for user 2
2015-04-12 09:42:15.850000: : fetching file 5
2015-04-12 09:43:01.689000: : fetching file 5
2015-04-12 09:44:01.788000: : fetching file 5
2015-04-12 09:45:01.752000: : fetching file 5
2015-04-12 09:46:01.715000: : fetching file 5
2015-04-12 09:46:55.822000: : fetching file 5
2015-04-12 09:47:48.958000: : fetching file 5
2015-04-12 09:48:26.463000: : fetching file 5
2015-04-12 09:49:19.036000: : fetching file 5
2015-04-12 09:50:19.048000: : fetching file 5
2015-04-12 09:51:19.294000: : fetching file 5
2015-04-12 09:52:19.531000: : fetching file 5
2015-04-12 09:53:19.088000: : fetching file 5
2015-04-16 23:34:35.571000: : Fetching refresh token for user joeedh. . .
2015-04-16 23:34:35.573000: : Refresh token for joeedh: 72MEQDIAOZ0TVFG0A0O1T0B0ATJM3PDW8A
2015-04-16 23:34:36.968000: : Fetching refresh token for user joeedh. . .
2015-04-16 23:34:36.968000: : Refresh token for joeedh: S0G4RQZ.PAG4BSPNOHVH1HC0H4WQNPJJM.
2015-04-16 23:34:37.144000: : Generated session token O0ZS0Y7VTU4XSCB89FC6KSRY9NNYCVBDBC for user 2
2015-04-16 23:34:37.236000: : Fetching refresh token for user joeedh. . .
2015-04-16 23:34:37.236000: : Refresh token for joeedh: R91.679D12UNG7TJ10AFK4KE90F981E813
2015-04-16 23:34:37.800000: : Generated session token GCT1Q01KM9M0IGXSCQ4ZTINMJ6UU91I4DQ for user 2
2015-04-16 23:34:38.443000: : fetching file 5
2015-04-16 23:34:38.739000: : fetching file 5
2015-04-16 23:34:40.170000: : Fetching refresh token for user joeedh. . .
2015-04-16 23:34:40.171000: : Refresh token for joeedh: R99OB8V2NEY4.RK0XPYVKD6Z3VYI9L7NK3
2015-04-16 23:34:40.618000: : Generated session token E2PX610P1B.0JLNAPMRXXQ1VC5FTY9MGKV for user 2
2015-04-16 23:34:41.370000: : fetching file 5
2015-04-16 23:36:42.229000: : fetching file 66
2015-04-16 23:37:42.910000: : fetching file 5
